{"/Users/nilobatson/Desktop/ForTheNerds/React Native/uber-twin/App.js": {"path":"/Users/nilobatson/Desktop/ForTheNerds/React Native/uber-twin/App.js","statementMap":{"0":{"start":{"line":10,"column":2},"end":{"line":17,"column":4}},"1":{"start":{"line":20,"column":15},"end":{"line":27,"column":2}}},"fnMap":{"0":{"name":"App","decl":{"start":{"line":9,"column":24},"end":{"line":9,"column":27}},"loc":{"start":{"line":9,"column":30},"end":{"line":18,"column":1}},"line":9}},"branchMap":{},"s":{"0":0,"1":0},"f":{"0":0},"b":{}}
,"/Users/nilobatson/Desktop/ForTheNerds/React Native/uber-twin/components/NavOptions.js": {"path":"/Users/nilobatson/Desktop/ForTheNerds/React Native/uber-twin/components/NavOptions.js","statementMap":{"0":{"start":{"line":13,"column":13},"end":{"line":28,"column":1}},"1":{"start":{"line":30,"column":19},"end":{"line":57,"column":1}},"2":{"start":{"line":31,"column":2},"end":{"line":56,"column":4}},"3":{"start":{"line":36,"column":32},"end":{"line":36,"column":39}},"4":{"start":{"line":38,"column":10},"end":{"line":52,"column":29}}},"fnMap":{"0":{"name":"(anonymous_0)","decl":{"start":{"line":30,"column":19},"end":{"line":30,"column":20}},"loc":{"start":{"line":30,"column":25},"end":{"line":57,"column":1}},"line":30},"1":{"name":"(anonymous_1)","decl":{"start":{"line":36,"column":22},"end":{"line":36,"column":23}},"loc":{"start":{"line":36,"column":32},"end":{"line":36,"column":39}},"line":36},"2":{"name":"(anonymous_2)","decl":{"start":{"line":37,"column":20},"end":{"line":37,"column":21}},"loc":{"start":{"line":38,"column":10},"end":{"line":52,"column":29}},"line":38}},"branchMap":{},"s":{"0":1,"1":1,"2":2,"3":4,"4":4},"f":{"0":2,"1":4,"2":4},"b":{},"_coverageSchema":"1a1c01bbd47fc00a2c39e90264f33305004495a9","hash":"584f2703a692b92b6de1e133c7852823940570db"}
}
