{"/Users/nilobatson/Desktop/ForTheNerds/React Native/uber-twin/components/NavOptions.js": {"path":"/Users/nilobatson/Desktop/ForTheNerds/React Native/uber-twin/components/NavOptions.js","statementMap":{"0":{"start":{"line":12,"column":13},"end":{"line":27,"column":1}},"1":{"start":{"line":29,"column":19},"end":{"line":51,"column":1}},"2":{"start":{"line":30,"column":2},"end":{"line":50,"column":4}},"3":{"start":{"line":35,"column":32},"end":{"line":35,"column":39}},"4":{"start":{"line":37,"column":12},"end":{"line":46,"column":29}}},"fnMap":{"0":{"name":"(anonymous_0)","decl":{"start":{"line":29,"column":19},"end":{"line":29,"column":20}},"loc":{"start":{"line":29,"column":25},"end":{"line":51,"column":1}},"line":29},"1":{"name":"(anonymous_1)","decl":{"start":{"line":35,"column":22},"end":{"line":35,"column":23}},"loc":{"start":{"line":35,"column":32},"end":{"line":35,"column":39}},"line":35},"2":{"name":"(anonymous_2)","decl":{"start":{"line":36,"column":20},"end":{"line":36,"column":21}},"loc":{"start":{"line":37,"column":12},"end":{"line":46,"column":29}},"line":37}},"branchMap":{},"s":{"0":1,"1":1,"2":2,"3":4,"4":4},"f":{"0":2,"1":4,"2":4},"b":{},"_coverageSchema":"1a1c01bbd47fc00a2c39e90264f33305004495a9","hash":"5f8607ceff4f9d5e306ea410c73933c2b9078019"}
,"/Users/nilobatson/Desktop/ForTheNerds/React Native/uber-twin/components/index.js": {"path":"/Users/nilobatson/Desktop/ForTheNerds/React Native/uber-twin/components/index.js","statementMap":{},"fnMap":{},"branchMap":{},"s":{},"f":{},"b":{},"_coverageSchema":"1a1c01bbd47fc00a2c39e90264f33305004495a9","hash":"f2bce25a1cdcc8bab37d562d78d4737492bf4004"}
,"/Users/nilobatson/Desktop/ForTheNerds/React Native/uber-twin/screens/HomeScreen.js": {"path":"/Users/nilobatson/Desktop/ForTheNerds/React Native/uber-twin/screens/HomeScreen.js","statementMap":{"0":{"start":{"line":6,"column":19},"end":{"line":21,"column":1}},"1":{"start":{"line":7,"column":2},"end":{"line":20,"column":4}},"2":{"start":{"line":25,"column":15},"end":{"line":25,"column":36}}},"fnMap":{"0":{"name":"(anonymous_0)","decl":{"start":{"line":6,"column":19},"end":{"line":6,"column":20}},"loc":{"start":{"line":6,"column":25},"end":{"line":21,"column":1}},"line":6}},"branchMap":{},"s":{"0":1,"1":2,"2":1},"f":{"0":2},"b":{},"_coverageSchema":"1a1c01bbd47fc00a2c39e90264f33305004495a9","hash":"7ceb1698cd5440895e0c2e2a35893e9bbaaa262e"}
}
